<?xml version="1.0" encoding="UTF-8"?>
<testsuite xmlns:xsi="http://www.w3.org/2001/XMLSchema-instance" xsi:noNamespaceSchemaLocation="https://maven.apache.org/surefire/maven-surefire-plugin/xsd/surefire-test-report-3.0.xsd" version="3.0" name="shapesTest.SquareTest" time="0.056" tests="3" errors="0" skipped="0" failures="0">
  <properties>
    <property name="java.specification.version" value="13"/>
    <property name="sonar.login" value="4f4e426a523d3cca20d8fe29bc0cd44c2d19cfa1"/>
    <property name="sun.jnu.encoding" value="UTF-8"/>
    <property name="java.class.path" value="/home/w/wyssm/M1MIAGE/PC/visite du matin/target/test-classes:/home/w/wyssm/M1MIAGE/PC/visite du matin/target/classes:/home/w/wyssm/.m2/repository/org/junit/jupiter/junit-jupiter-engine/5.4.0/junit-jupiter-engine-5.4.0.jar:/home/w/wyssm/.m2/repository/org/apiguardian/apiguardian-api/1.0.0/apiguardian-api-1.0.0.jar:/home/w/wyssm/.m2/repository/org/junit/platform/junit-platform-engine/1.4.0/junit-platform-engine-1.4.0.jar:/home/w/wyssm/.m2/repository/org/opentest4j/opentest4j/1.1.1/opentest4j-1.1.1.jar:/home/w/wyssm/.m2/repository/org/junit/platform/junit-platform-commons/1.4.0/junit-platform-commons-1.4.0.jar:/home/w/wyssm/.m2/repository/org/junit/jupiter/junit-jupiter-api/5.4.0/junit-jupiter-api-5.4.0.jar:/home/w/wyssm/.m2/repository/javax/json/javax.json-api/1.1.4/javax.json-api-1.1.4.jar:/home/w/wyssm/.m2/repository/org/eclipse/persistence/eclipselink/2.7.4/eclipselink-2.7.4.jar:/home/w/wyssm/.m2/repository/org/eclipse/persistence/jakarta.persistence/2.2.2/jakarta.persistence-2.2.2.jar:/home/w/wyssm/.m2/repository/org/eclipse/persistence/commonj.sdo/2.1.1/commonj.sdo-2.1.1.jar:/home/w/wyssm/.m2/repository/com/fasterxml/jackson/dataformat/jackson-dataformat-xml/2.13.0/jackson-dataformat-xml-2.13.0.jar:/home/w/wyssm/.m2/repository/com/fasterxml/jackson/core/jackson-core/2.13.0/jackson-core-2.13.0.jar:/home/w/wyssm/.m2/repository/com/fasterxml/jackson/core/jackson-annotations/2.13.0/jackson-annotations-2.13.0.jar:/home/w/wyssm/.m2/repository/com/fasterxml/jackson/core/jackson-databind/2.13.0/jackson-databind-2.13.0.jar:/home/w/wyssm/.m2/repository/org/codehaus/woodstox/stax2-api/4.2.1/stax2-api-4.2.1.jar:/home/w/wyssm/.m2/repository/com/fasterxml/woodstox/woodstox-core/6.2.6/woodstox-core-6.2.6.jar:/home/w/wyssm/.m2/repository/org/mockito/mockito-core/5.7.0/mockito-core-5.7.0.jar:/home/w/wyssm/.m2/repository/net/bytebuddy/byte-buddy/1.14.9/byte-buddy-1.14.9.jar:/home/w/wyssm/.m2/repository/net/bytebuddy/byte-buddy-agent/1.14.9/byte-buddy-agent-1.14.9.jar:/home/w/wyssm/.m2/repository/org/objenesis/objenesis/3.3/objenesis-3.3.jar:/home/w/wyssm/.m2/repository/org/glassfish/javax.json/1.1.4/javax.json-1.1.4.jar:"/>
    <property name="sun.awt.enableExtraMouseButtons" value="true"/>
    <property name="java.vm.vendor" value="Oracle Corporation"/>
    <property name="sun.arch.data.model" value="64"/>
    <property name="sun.font.fontmanager" value="sun.awt.X11FontManager"/>
    <property name="java.vendor.url" value="https://java.oracle.com/"/>
    <property name="user.timezone" value="Europe/Paris"/>
    <property name="os.name" value="Linux"/>
    <property name="java.vm.specification.version" value="13"/>
    <property name="sun.java.launcher" value="SUN_STANDARD"/>
    <property name="user.country" value="FR"/>
    <property name="sun.boot.library.path" value="/usr/lib/jvm/jdk-13.0.2/lib"/>
    <property name="sun.java.command" value="/home/w/wyssm/M1MIAGE/PC/visite du matin/target/surefire/surefirebooter5471960544978890535.jar /home/w/wyssm/M1MIAGE/PC/visite du matin/target/surefire 2023-11-16T12-57-24_834-jvmRun1 surefire5089764165215941367tmp surefire_08346799853947915520tmp"/>
    <property name="jdk.debug" value="release"/>
    <property name="surefire.test.class.path" value="/home/w/wyssm/M1MIAGE/PC/visite du matin/target/test-classes:/home/w/wyssm/M1MIAGE/PC/visite du matin/target/classes:/home/w/wyssm/.m2/repository/org/junit/jupiter/junit-jupiter-engine/5.4.0/junit-jupiter-engine-5.4.0.jar:/home/w/wyssm/.m2/repository/org/apiguardian/apiguardian-api/1.0.0/apiguardian-api-1.0.0.jar:/home/w/wyssm/.m2/repository/org/junit/platform/junit-platform-engine/1.4.0/junit-platform-engine-1.4.0.jar:/home/w/wyssm/.m2/repository/org/opentest4j/opentest4j/1.1.1/opentest4j-1.1.1.jar:/home/w/wyssm/.m2/repository/org/junit/platform/junit-platform-commons/1.4.0/junit-platform-commons-1.4.0.jar:/home/w/wyssm/.m2/repository/org/junit/jupiter/junit-jupiter-api/5.4.0/junit-jupiter-api-5.4.0.jar:/home/w/wyssm/.m2/repository/javax/json/javax.json-api/1.1.4/javax.json-api-1.1.4.jar:/home/w/wyssm/.m2/repository/org/eclipse/persistence/eclipselink/2.7.4/eclipselink-2.7.4.jar:/home/w/wyssm/.m2/repository/org/eclipse/persistence/jakarta.persistence/2.2.2/jakarta.persistence-2.2.2.jar:/home/w/wyssm/.m2/repository/org/eclipse/persistence/commonj.sdo/2.1.1/commonj.sdo-2.1.1.jar:/home/w/wyssm/.m2/repository/com/fasterxml/jackson/dataformat/jackson-dataformat-xml/2.13.0/jackson-dataformat-xml-2.13.0.jar:/home/w/wyssm/.m2/repository/com/fasterxml/jackson/core/jackson-core/2.13.0/jackson-core-2.13.0.jar:/home/w/wyssm/.m2/repository/com/fasterxml/jackson/core/jackson-annotations/2.13.0/jackson-annotations-2.13.0.jar:/home/w/wyssm/.m2/repository/com/fasterxml/jackson/core/jackson-databind/2.13.0/jackson-databind-2.13.0.jar:/home/w/wyssm/.m2/repository/org/codehaus/woodstox/stax2-api/4.2.1/stax2-api-4.2.1.jar:/home/w/wyssm/.m2/repository/com/fasterxml/woodstox/woodstox-core/6.2.6/woodstox-core-6.2.6.jar:/home/w/wyssm/.m2/repository/org/mockito/mockito-core/5.7.0/mockito-core-5.7.0.jar:/home/w/wyssm/.m2/repository/net/bytebuddy/byte-buddy/1.14.9/byte-buddy-1.14.9.jar:/home/w/wyssm/.m2/repository/net/bytebuddy/byte-buddy-agent/1.14.9/byte-buddy-agent-1.14.9.jar:/home/w/wyssm/.m2/repository/org/objenesis/objenesis/3.3/objenesis-3.3.jar:/home/w/wyssm/.m2/repository/org/glassfish/javax.json/1.1.4/javax.json-1.1.4.jar:"/>
    <property name="sun.cpu.endian" value="little"/>
    <property name="user.home" value="/home/w/wyssm"/>
    <property name="user.language" value="fr"/>
    <property name="java.specification.vendor" value="Oracle Corporation"/>
    <property name="java.version.date" value="2020-01-14"/>
    <property name="java.home" value="/usr/lib/jvm/jdk-13.0.2"/>
    <property name="file.separator" value="/"/>
    <property name="basedir" value="/home/w/wyssm/M1MIAGE/PC/visite du matin"/>
    <property name="java.vm.compressedOopsMode" value="32-bit"/>
    <property name="line.separator" value="&#10;"/>
    <property name="java.vm.specification.vendor" value="Oracle Corporation"/>
    <property name="java.specification.name" value="Java Platform API Specification"/>
    <property name="surefire.real.class.path" value="/home/w/wyssm/M1MIAGE/PC/visite du matin/target/surefire/surefirebooter5471960544978890535.jar"/>
    <property name="sun.management.compiler" value="HotSpot 64-Bit Tiered Compilers"/>
    <property name="java.runtime.version" value="13.0.2+8"/>
    <property name="user.name" value="wyssm"/>
    <property name="path.separator" value=":"/>
    <property name="os.version" value="6.2.0-34-generic"/>
    <property name="java.runtime.name" value="OpenJDK Runtime Environment"/>
    <property name="file.encoding" value="UTF-8"/>
    <property name="java.vm.name" value="OpenJDK 64-Bit Server VM"/>
    <property name="localRepository" value="/home/w/wyssm/.m2/repository"/>
    <property name="java.vendor.url.bug" value="https://bugreport.java.com/bugreport/"/>
    <property name="java.io.tmpdir" value="/tmp"/>
    <property name="java.version" value="13.0.2"/>
    <property name="user.dir" value="/home/w/wyssm/M1MIAGE/PC/visite du matin"/>
    <property name="os.arch" value="amd64"/>
    <property name="java.vm.specification.name" value="Java Virtual Machine Specification"/>
    <property name="java.library.path" value="/usr/java/packages/lib:/usr/lib64:/lib64:/lib:/usr/lib"/>
    <property name="java.vm.info" value="mixed mode, sharing"/>
    <property name="java.vendor" value="Oracle Corporation"/>
    <property name="java.vm.version" value="13.0.2+8"/>
    <property name="sun.io.unicode.encoding" value="UnicodeLittle"/>
    <property name="java.class.version" value="57.0"/>
  </properties>
  <testcase name="testDraw" classname="shapesTest.SquareTest" time="0.014"/>
  <testcase name="testConstruct" classname="shapesTest.SquareTest" time="0.016"/>
  <testcase name="testAccept" classname="shapesTest.SquareTest" time="0.015"/>
</testsuite>