<?xml version="1.0" encoding="UTF-8"?>
<testsuite xmlns:xsi="http://www.w3.org/2001/XMLSchema-instance" xsi:noNamespaceSchemaLocation="https://maven.apache.org/surefire/maven-surefire-plugin/xsd/surefire-test-report-3.0.xsd" version="3.0" name="shapesTest.SquareTest" time="0.042" tests="5" errors="0" skipped="0" failures="0">
  <properties>
    <property name="java.specification.version" value="19"/>
    <property name="sun.cpu.isalist" value="amd64"/>
    <property name="sun.jnu.encoding" value="Cp1252"/>
    <property name="java.class.path" value="C:\Users\mcnw2\OneDrive\Bureau\Cours\2023-2024\SEMESTRE 1\PC\Persistance10_2\target\test-classes;C:\Users\mcnw2\OneDrive\Bureau\Cours\2023-2024\SEMESTRE 1\PC\Persistance10_2\target\classes;C:\Users\mcnw2\.m2\repository\org\junit\jupiter\junit-jupiter-engine\5.4.0\junit-jupiter-engine-5.4.0.jar;C:\Users\mcnw2\.m2\repository\org\apiguardian\apiguardian-api\1.0.0\apiguardian-api-1.0.0.jar;C:\Users\mcnw2\.m2\repository\org\junit\platform\junit-platform-engine\1.4.0\junit-platform-engine-1.4.0.jar;C:\Users\mcnw2\.m2\repository\org\opentest4j\opentest4j\1.1.1\opentest4j-1.1.1.jar;C:\Users\mcnw2\.m2\repository\org\junit\platform\junit-platform-commons\1.4.0\junit-platform-commons-1.4.0.jar;C:\Users\mcnw2\.m2\repository\org\junit\jupiter\junit-jupiter-api\5.4.0\junit-jupiter-api-5.4.0.jar;C:\Users\mcnw2\.m2\repository\javax\json\javax.json-api\1.1.4\javax.json-api-1.1.4.jar;C:\Users\mcnw2\.m2\repository\org\eclipse\persistence\eclipselink\2.7.4\eclipselink-2.7.4.jar;C:\Users\mcnw2\.m2\repository\org\eclipse\persistence\jakarta.persistence\2.2.2\jakarta.persistence-2.2.2.jar;C:\Users\mcnw2\.m2\repository\org\eclipse\persistence\commonj.sdo\2.1.1\commonj.sdo-2.1.1.jar;C:\Users\mcnw2\.m2\repository\com\fasterxml\jackson\dataformat\jackson-dataformat-xml\2.13.0\jackson-dataformat-xml-2.13.0.jar;C:\Users\mcnw2\.m2\repository\com\fasterxml\jackson\core\jackson-core\2.13.0\jackson-core-2.13.0.jar;C:\Users\mcnw2\.m2\repository\com\fasterxml\jackson\core\jackson-annotations\2.13.0\jackson-annotations-2.13.0.jar;C:\Users\mcnw2\.m2\repository\com\fasterxml\jackson\core\jackson-databind\2.13.0\jackson-databind-2.13.0.jar;C:\Users\mcnw2\.m2\repository\org\codehaus\woodstox\stax2-api\4.2.1\stax2-api-4.2.1.jar;C:\Users\mcnw2\.m2\repository\com\fasterxml\woodstox\woodstox-core\6.2.6\woodstox-core-6.2.6.jar;C:\Users\mcnw2\.m2\repository\org\mockito\mockito-core\5.7.0\mockito-core-5.7.0.jar;C:\Users\mcnw2\.m2\repository\net\bytebuddy\byte-buddy\1.14.9\byte-buddy-1.14.9.jar;C:\Users\mcnw2\.m2\repository\net\bytebuddy\byte-buddy-agent\1.14.9\byte-buddy-agent-1.14.9.jar;C:\Users\mcnw2\.m2\repository\org\objenesis\objenesis\3.3\objenesis-3.3.jar;C:\Users\mcnw2\.m2\repository\org\glassfish\javax.json\1.1.4\javax.json-1.1.4.jar;C:\Users\mcnw2\.m2\repository\com\googlecode\json-simple\json-simple\1.1.1\json-simple-1.1.1.jar;C:\Users\mcnw2\.m2\repository\junit\junit\4.10\junit-4.10.jar;C:\Users\mcnw2\.m2\repository\org\hamcrest\hamcrest-core\1.1\hamcrest-core-1.1.jar;"/>
    <property name="sun.awt.enableExtraMouseButtons" value="true"/>
    <property name="java.vm.vendor" value="Oracle Corporation"/>
    <property name="sun.arch.data.model" value="64"/>
    <property name="user.variant" value=""/>
    <property name="java.vendor.url" value="https://java.oracle.com/"/>
    <property name="user.timezone" value="Europe/Paris"/>
    <property name="os.name" value="Windows 11"/>
    <property name="java.vm.specification.version" value="19"/>
    <property name="sun.java.launcher" value="SUN_STANDARD"/>
    <property name="user.country" value="FR"/>
    <property name="sun.boot.library.path" value="C:\Program Files\Java\jdk-19\bin"/>
    <property name="sun.java.command" value="C:\Users\mcnw2\AppData\Local\Temp\surefire12260560669816202505\surefirebooter12290102427438898315.jar C:\Users\mcnw2\AppData\Local\Temp\surefire12260560669816202505 2023-12-11T10-40-27_171-jvmRun1 surefire17143628819507825313tmp surefire_01245818132143340738tmp"/>
    <property name="jdk.debug" value="release"/>
    <property name="surefire.test.class.path" value="C:\Users\mcnw2\OneDrive\Bureau\Cours\2023-2024\SEMESTRE 1\PC\Persistance10_2\target\test-classes;C:\Users\mcnw2\OneDrive\Bureau\Cours\2023-2024\SEMESTRE 1\PC\Persistance10_2\target\classes;C:\Users\mcnw2\.m2\repository\org\junit\jupiter\junit-jupiter-engine\5.4.0\junit-jupiter-engine-5.4.0.jar;C:\Users\mcnw2\.m2\repository\org\apiguardian\apiguardian-api\1.0.0\apiguardian-api-1.0.0.jar;C:\Users\mcnw2\.m2\repository\org\junit\platform\junit-platform-engine\1.4.0\junit-platform-engine-1.4.0.jar;C:\Users\mcnw2\.m2\repository\org\opentest4j\opentest4j\1.1.1\opentest4j-1.1.1.jar;C:\Users\mcnw2\.m2\repository\org\junit\platform\junit-platform-commons\1.4.0\junit-platform-commons-1.4.0.jar;C:\Users\mcnw2\.m2\repository\org\junit\jupiter\junit-jupiter-api\5.4.0\junit-jupiter-api-5.4.0.jar;C:\Users\mcnw2\.m2\repository\javax\json\javax.json-api\1.1.4\javax.json-api-1.1.4.jar;C:\Users\mcnw2\.m2\repository\org\eclipse\persistence\eclipselink\2.7.4\eclipselink-2.7.4.jar;C:\Users\mcnw2\.m2\repository\org\eclipse\persistence\jakarta.persistence\2.2.2\jakarta.persistence-2.2.2.jar;C:\Users\mcnw2\.m2\repository\org\eclipse\persistence\commonj.sdo\2.1.1\commonj.sdo-2.1.1.jar;C:\Users\mcnw2\.m2\repository\com\fasterxml\jackson\dataformat\jackson-dataformat-xml\2.13.0\jackson-dataformat-xml-2.13.0.jar;C:\Users\mcnw2\.m2\repository\com\fasterxml\jackson\core\jackson-core\2.13.0\jackson-core-2.13.0.jar;C:\Users\mcnw2\.m2\repository\com\fasterxml\jackson\core\jackson-annotations\2.13.0\jackson-annotations-2.13.0.jar;C:\Users\mcnw2\.m2\repository\com\fasterxml\jackson\core\jackson-databind\2.13.0\jackson-databind-2.13.0.jar;C:\Users\mcnw2\.m2\repository\org\codehaus\woodstox\stax2-api\4.2.1\stax2-api-4.2.1.jar;C:\Users\mcnw2\.m2\repository\com\fasterxml\woodstox\woodstox-core\6.2.6\woodstox-core-6.2.6.jar;C:\Users\mcnw2\.m2\repository\org\mockito\mockito-core\5.7.0\mockito-core-5.7.0.jar;C:\Users\mcnw2\.m2\repository\net\bytebuddy\byte-buddy\1.14.9\byte-buddy-1.14.9.jar;C:\Users\mcnw2\.m2\repository\net\bytebuddy\byte-buddy-agent\1.14.9\byte-buddy-agent-1.14.9.jar;C:\Users\mcnw2\.m2\repository\org\objenesis\objenesis\3.3\objenesis-3.3.jar;C:\Users\mcnw2\.m2\repository\org\glassfish\javax.json\1.1.4\javax.json-1.1.4.jar;C:\Users\mcnw2\.m2\repository\com\googlecode\json-simple\json-simple\1.1.1\json-simple-1.1.1.jar;C:\Users\mcnw2\.m2\repository\junit\junit\4.10\junit-4.10.jar;C:\Users\mcnw2\.m2\repository\org\hamcrest\hamcrest-core\1.1\hamcrest-core-1.1.jar;"/>
    <property name="sun.cpu.endian" value="little"/>
    <property name="user.home" value="C:\Users\mcnw2"/>
    <property name="user.language" value="fr"/>
    <property name="java.specification.vendor" value="Oracle Corporation"/>
    <property name="java.version.date" value="2022-10-18"/>
    <property name="java.home" value="C:\Program Files\Java\jdk-19"/>
    <property name="file.separator" value="\"/>
    <property name="basedir" value="C:\Users\mcnw2\OneDrive\Bureau\Cours\2023-2024\SEMESTRE 1\PC\Persistance10_2"/>
    <property name="java.vm.compressedOopsMode" value="32-bit"/>
    <property name="line.separator" value="&#10;"/>
    <property name="java.vm.specification.vendor" value="Oracle Corporation"/>
    <property name="java.specification.name" value="Java Platform API Specification"/>
    <property name="surefire.real.class.path" value="C:\Users\mcnw2\AppData\Local\Temp\surefire12260560669816202505\surefirebooter12290102427438898315.jar"/>
    <property name="user.script" value=""/>
    <property name="sun.management.compiler" value="HotSpot 64-Bit Tiered Compilers"/>
    <property name="java.runtime.version" value="19.0.1+10-21"/>
    <property name="user.name" value="mcnw2"/>
    <property name="stdout.encoding" value="Cp1252"/>
    <property name="path.separator" value=";"/>
    <property name="os.version" value="10.0"/>
    <property name="java.runtime.name" value="Java(TM) SE Runtime Environment"/>
    <property name="file.encoding" value="UTF-8"/>
    <property name="java.vm.name" value="Java HotSpot(TM) 64-Bit Server VM"/>
    <property name="localRepository" value="C:\Users\mcnw2\.m2\repository"/>
    <property name="java.vendor.url.bug" value="https://bugreport.java.com/bugreport/"/>
    <property name="java.io.tmpdir" value="C:\Users\mcnw2\AppData\Local\Temp\"/>
    <property name="java.version" value="19.0.1"/>
    <property name="user.dir" value="C:\Users\mcnw2\OneDrive\Bureau\Cours\2023-2024\SEMESTRE 1\PC\Persistance10_2"/>
    <property name="os.arch" value="amd64"/>
    <property name="java.vm.specification.name" value="Java Virtual Machine Specification"/>
    <property name="sun.os.patch.level" value=""/>
    <property name="native.encoding" value="Cp1252"/>
    <property name="java.library.path" value="C:\Program Files\Java\jdk-19\bin;C:\WINDOWS\Sun\Java\bin;C:\WINDOWS\system32;C:\WINDOWS;C:\Program Files\Common Files\Oracle\Java\javapath;C:\Program Files (x86)\Common Files\Oracle\Java\javapath;C:\WINDOWS\system32;C:\WINDOWS;C:\WINDOWS\System32\Wbem;C:\WINDOWS\System32\WindowsPowerShell\v1.0\;C:\WINDOWS\System32\OpenSSH\;C:\Program Files\Calibre2\;C:\Program Files\Git\cmd;C:\Program Files\nodejs\;C:\Program Files (x86)\Java\jre1.8.0_351\bin;C:\Program Files\Java\jdk-19\bin;C:\Program Files (x86)\apache-maven-3.9.1\bin;C:\Users\mcnw2\AppData\Local\Microsoft\WindowsApps;C:\Users\mcnw2\AppData\Local\Programs\Microsoft VS Code\bin;C:\Program Files\JetBrains\DataGrip 2022.3.3\bin;;C:\Users\mcnw2\AppData\Roaming\npm;C:\Program Files\use-6.0.0\bin;C:\Users\Java\jre1.8.0_351\bin;C:\Program Files (x86)\apache-maven-3.9.1\bin;C:\Program Files\Java\jdk-19\bin;;."/>
    <property name="java.vm.info" value="mixed mode, sharing"/>
    <property name="stderr.encoding" value="Cp1252"/>
    <property name="java.vendor" value="Oracle Corporation"/>
    <property name="java.vm.version" value="19.0.1+10-21"/>
    <property name="sun.io.unicode.encoding" value="UnicodeLittle"/>
    <property name="java.class.version" value="63.0"/>
  </properties>
  <testcase name="testDraw" classname="shapesTest.SquareTest" time="0.01"/>
  <testcase name="testSetX" classname="shapesTest.SquareTest" time="0.005"/>
  <testcase name="testSetY" classname="shapesTest.SquareTest" time="0.004"/>
  <testcase name="testConstruct" classname="shapesTest.SquareTest" time="0.006"/>
  <testcase name="testAccept" classname="shapesTest.SquareTest" time="0.006"/>
</testsuite>